2024-09-20 23:13:35,511 - INFO - Starting pipeline execution at 2024-09-20 23:13:35.511444
2024-09-20 23:13:35,511 - INFO - File 01_pull.py exists.
2024-09-20 23:13:35,511 - INFO - Starting execution of 01_pull.py
2024-09-20 23:13:36,040 - INFO - Successfully completed 01_pull.py
2024-09-20 23:13:36,040 - INFO - File 02_combine.py exists.
2024-09-20 23:13:36,040 - INFO - Starting execution of 02_combine.py
2024-09-20 23:13:36,177 - INFO - Successfully completed 02_combine.py
2024-09-20 23:13:36,177 - INFO - File 03_parse.py exists.
2024-09-20 23:13:36,177 - INFO - Starting execution of 03_parse.py
2024-09-20 23:13:36,402 - INFO - Successfully completed 03_parse.py
2024-09-20 23:13:36,402 - INFO - File 04_clean.py exists.
2024-09-20 23:13:36,402 - INFO - Starting execution of 04_clean.py
2024-09-20 23:13:36,447 - INFO - Successfully completed 04_clean.py
2024-09-20 23:13:36,447 - INFO - File 05_extract.py exists.
2024-09-20 23:13:36,447 - INFO - Starting execution of 05_extract.py
2024-09-20 23:13:36,493 - INFO - Successfully completed 05_extract.py
2024-09-20 23:13:36,493 - INFO - File 06_frequency.py exists.
2024-09-20 23:13:36,493 - INFO - Starting execution of 06_frequency.py
2024-09-20 23:13:36,527 - INFO - Successfully completed 06_frequency.py
2024-09-20 23:13:36,528 - INFO - File 07_visualization.py exists.
2024-09-20 23:13:36,528 - INFO - Starting execution of 07_visualization.py
2024-09-20 23:13:38,103 - INFO - Successfully completed 07_visualization.py
2024-09-20 23:13:38,114 - INFO - File 08_export.py exists.
2024-09-20 23:13:38,114 - INFO - Starting execution of 08_export.py
2024-09-20 23:13:38,319 - INFO - Successfully completed 08_export.py
2024-09-20 23:13:38,320 - INFO - Pipeline execution completed at 2024-09-20 23:13:38.320413
2024-09-20 23:13:38,320 - INFO - Total execution time: 0:00:02.808969
